<?xml version="1.0" encoding="UTF-8"?>
<!-- Generated by org.testng.reporters.JUnitReportReporter -->
<testsuite ignored="0" hostname="Nam-Mons-MacBook-Pro.local" failures="0" tests="1" name="StretchGoal" time="7.562" errors="0" timestamp="17 May 2020 11:29:40 GMT" skipped="0">
  <testcase classname="StretchGoal" name="stretchGoal" time="7.562"/>
</testsuite> <!-- StretchGoal -->
